\BOOKMARK [1][-]{section*.1}{Title}{}
\BOOKMARK [1][-]{section*.1}{Preamble}{}
\BOOKMARK [1][-]{section*.2}{Table of Contents}{}
\BOOKMARK [1][-]{section.1}{Conventions}{}
\BOOKMARK [1][-]{section.2}{Writing a QGIS Plugin in C++}{}
\BOOKMARK [2][-]{subsection.2.1}{Why C++ and what about licensing}{section.2}
\BOOKMARK [2][-]{subsection.2.2}{Programming a QGIS C++ Plugin in four steps}{section.2}
\BOOKMARK [2][-]{subsection.2.3}{Further information}{section.2}
\BOOKMARK [1][-]{section.3}{Writing a QGIS Plugin in Python}{}
\BOOKMARK [2][-]{subsection.3.1}{Why Python and what about licensing}{section.3}
\BOOKMARK [2][-]{subsection.3.2}{What needs to be installed to get started}{section.3}
\BOOKMARK [2][-]{subsection.3.3}{Programming a simple PyQGIS Plugin in four steps}{section.3}
\BOOKMARK [2][-]{subsection.3.4}{Committing the plugin to repository}{section.3}
\BOOKMARK [2][-]{subsection.3.5}{Further information}{section.3}
\BOOKMARK [1][-]{section.4}{Creating C++ Applications}{}
\BOOKMARK [2][-]{subsection.4.1}{Creating a simple mapping widget}{section.4}
\BOOKMARK [2][-]{subsection.4.2}{Working with QgsMapCanvas}{section.4}
\BOOKMARK [1][-]{section.5}{Creating PyQGIS Applications}{}
\BOOKMARK [2][-]{subsection.5.1}{Designing the GUI}{section.5}
\BOOKMARK [2][-]{subsection.5.2}{Creating the MainWindow}{section.5}
\BOOKMARK [2][-]{subsection.5.3}{Finishing Up}{section.5}
\BOOKMARK [2][-]{subsection.5.4}{Running the Application}{section.5}
\BOOKMARK [1][-]{appendix.A}{Installation Guide}{}
\BOOKMARK [2][-]{subsection.A.1}{General Build Notes}{appendix.A}
\BOOKMARK [2][-]{subsection.A.2}{An overview of the dependencies required for building}{appendix.A}
\BOOKMARK [1][-]{appendix.B}{Building under windows using msys}{}
\BOOKMARK [2][-]{subsection.B.1}{MSYS:}{appendix.B}
\BOOKMARK [2][-]{subsection.B.2}{Qt4.3}{appendix.B}
\BOOKMARK [2][-]{subsection.B.3}{Flex and Bison}{appendix.B}
\BOOKMARK [2][-]{subsection.B.4}{Python stuff: \(optional\)}{appendix.B}
\BOOKMARK [3][-]{subsubsection.B.4.1}{Download and install Python - use Windows installer}{subsection.B.4}
\BOOKMARK [3][-]{subsubsection.B.4.2}{Download SIP and PyQt4 sources}{subsection.B.4}
\BOOKMARK [3][-]{subsubsection.B.4.3}{Compile SIP}{subsection.B.4}
\BOOKMARK [3][-]{subsubsection.B.4.4}{Compile PyQt}{subsection.B.4}
\BOOKMARK [3][-]{subsubsection.B.4.5}{Final python notes}{subsection.B.4}
\BOOKMARK [2][-]{subsection.B.5}{Subversion:}{appendix.B}
\BOOKMARK [2][-]{subsection.B.6}{CMake:}{appendix.B}
\BOOKMARK [2][-]{subsection.B.7}{QGIS:}{appendix.B}
\BOOKMARK [2][-]{subsection.B.8}{Compiling:}{appendix.B}
\BOOKMARK [2][-]{subsection.B.9}{Configuration}{appendix.B}
\BOOKMARK [2][-]{subsection.B.10}{Compilation and installation}{appendix.B}
\BOOKMARK [2][-]{subsection.B.11}{Run qgis.exe from the directory where it's installed \(CMAKE\137INSTALL\137PREFIX\)}{appendix.B}
\BOOKMARK [2][-]{subsection.B.12}{Create the installation package: \(optional\)}{appendix.B}
\BOOKMARK [1][-]{appendix.C}{Building on Mac OSX using frameworks and cmake \(QGIS > 0.8\)}{}
\BOOKMARK [2][-]{subsection.C.1}{Install XCODE}{appendix.C}
\BOOKMARK [2][-]{subsection.C.2}{Install Qt4 from .dmg}{appendix.C}
\BOOKMARK [2][-]{subsection.C.3}{Install development frameworks for QGIS dependencies}{appendix.C}
\BOOKMARK [3][-]{subsubsection.C.3.1}{Additional Dependencies : GSL}{subsection.C.3}
\BOOKMARK [3][-]{subsubsection.C.3.2}{Additional Dependencies : Expat}{subsection.C.3}
\BOOKMARK [3][-]{subsubsection.C.3.3}{Additional Dependencies : SIP}{subsection.C.3}
\BOOKMARK [3][-]{subsubsection.C.3.4}{Additional Dependencies : PyQt}{subsection.C.3}
\BOOKMARK [3][-]{subsubsection.C.3.5}{Additional Dependencies : Bison}{subsection.C.3}
\BOOKMARK [2][-]{subsection.C.4}{Install CMAKE for OSX}{appendix.C}
\BOOKMARK [2][-]{subsection.C.5}{Install subversion for OSX}{appendix.C}
\BOOKMARK [2][-]{subsection.C.6}{Check out QGIS from SVN}{appendix.C}
\BOOKMARK [2][-]{subsection.C.7}{Configure the build}{appendix.C}
\BOOKMARK [2][-]{subsection.C.8}{Building}{appendix.C}
\BOOKMARK [1][-]{appendix.D}{Building on GNU/Linux}{}
\BOOKMARK [2][-]{subsection.D.1}{Building QGIS with Qt4.x}{appendix.D}
\BOOKMARK [2][-]{subsection.D.2}{Prepare apt}{appendix.D}
\BOOKMARK [2][-]{subsection.D.3}{Install Qt4}{appendix.D}
\BOOKMARK [2][-]{subsection.D.4}{Install additional software dependencies required by QGIS}{appendix.D}
\BOOKMARK [2][-]{subsection.D.5}{GRASS Specific Steps}{appendix.D}
\BOOKMARK [2][-]{subsection.D.6}{Setup ccache \(Optional\)}{appendix.D}
\BOOKMARK [2][-]{subsection.D.7}{Prepare your development environment}{appendix.D}
\BOOKMARK [2][-]{subsection.D.8}{Check out the QGIS Source Code}{appendix.D}
\BOOKMARK [2][-]{subsection.D.9}{Starting the compile}{appendix.D}
\BOOKMARK [2][-]{subsection.D.10}{Building Debian packages}{appendix.D}
\BOOKMARK [2][-]{subsection.D.11}{Running QGIS}{appendix.D}
\BOOKMARK [1][-]{appendix.E}{Creation of MSYS environment for compilation of Quantum GIS}{}
\BOOKMARK [2][-]{subsection.E.1}{Initial setup}{appendix.E}
\BOOKMARK [3][-]{subsubsection.E.1.1}{MSYS}{subsection.E.1}
\BOOKMARK [3][-]{subsubsection.E.1.2}{MinGW}{subsection.E.1}
\BOOKMARK [3][-]{subsubsection.E.1.3}{Flex and Bison}{subsection.E.1}
\BOOKMARK [2][-]{subsection.E.2}{Installing dependencies}{appendix.E}
\BOOKMARK [3][-]{subsubsection.E.2.1}{Getting ready}{subsection.E.2}
\BOOKMARK [3][-]{subsubsection.E.2.2}{GDAL level one}{subsection.E.2}
\BOOKMARK [3][-]{subsubsection.E.2.3}{GRASS}{subsection.E.2}
\BOOKMARK [3][-]{subsubsection.E.2.4}{GDAL level two}{subsection.E.2}
\BOOKMARK [3][-]{subsubsection.E.2.5}{GEOS}{subsection.E.2}
\BOOKMARK [3][-]{subsubsection.E.2.6}{SQLITE}{subsection.E.2}
\BOOKMARK [3][-]{subsubsection.E.2.7}{GSL}{subsection.E.2}
\BOOKMARK [3][-]{subsubsection.E.2.8}{EXPAT}{subsection.E.2}
\BOOKMARK [3][-]{subsubsection.E.2.9}{POSTGRES}{subsection.E.2}
\BOOKMARK [2][-]{subsection.E.3}{Cleanup}{appendix.E}
\BOOKMARK [1][-]{appendix.F}{Building with MS Visual Studio}{}
\BOOKMARK [2][-]{subsection.F.1}{Setup Visual Studio}{appendix.F}
\BOOKMARK [3][-]{subsubsection.F.1.1}{Express Edition}{subsection.F.1}
\BOOKMARK [3][-]{subsubsection.F.1.2}{All Editions}{subsection.F.1}
\BOOKMARK [2][-]{subsection.F.2}{Download/Install Dependencies}{appendix.F}
\BOOKMARK [3][-]{subsubsection.F.2.1}{Flex and Bison}{subsection.F.2}
\BOOKMARK [3][-]{subsubsection.F.2.2}{To include PostgreSQL support in Qt}{subsection.F.2}
\BOOKMARK [3][-]{subsubsection.F.2.3}{Qt}{subsection.F.2}
\BOOKMARK [3][-]{subsubsection.F.2.4}{Proj.4}{subsection.F.2}
\BOOKMARK [3][-]{subsubsection.F.2.5}{GSL}{subsection.F.2}
\BOOKMARK [3][-]{subsubsection.F.2.6}{GEOS}{subsection.F.2}
\BOOKMARK [3][-]{subsubsection.F.2.7}{GDAL}{subsection.F.2}
\BOOKMARK [3][-]{subsubsection.F.2.8}{PostGIS}{subsection.F.2}
\BOOKMARK [3][-]{subsubsection.F.2.9}{Expat}{subsection.F.2}
\BOOKMARK [3][-]{subsubsection.F.2.10}{CMake}{subsection.F.2}
\BOOKMARK [2][-]{subsection.F.3}{Building QGIS with CMAKE}{appendix.F}
\BOOKMARK [1][-]{appendix.G}{Building under Windows using MSVC Express}{}
\BOOKMARK [2][-]{subsection.G.1}{System preparation}{appendix.G}
\BOOKMARK [2][-]{subsection.G.2}{Install the libraries archive}{appendix.G}
\BOOKMARK [2][-]{subsection.G.3}{Install Visual Studio Express 2005}{appendix.G}
\BOOKMARK [2][-]{subsection.G.4}{Install Microsoft Platform SDK2}{appendix.G}
\BOOKMARK [2][-]{subsection.G.5}{Edit your vsvars}{appendix.G}
\BOOKMARK [2][-]{subsection.G.6}{Environment Variables}{appendix.G}
\BOOKMARK [2][-]{subsection.G.7}{Building Qt4.3.2}{appendix.G}
\BOOKMARK [3][-]{subsubsection.G.7.1}{Compile Qt}{subsection.G.7}
\BOOKMARK [3][-]{subsubsection.G.7.2}{Configure Visual C++ to use Qt}{subsection.G.7}
\BOOKMARK [2][-]{subsection.G.8}{Install Python}{appendix.G}
\BOOKMARK [2][-]{subsection.G.9}{Install SIP}{appendix.G}
\BOOKMARK [2][-]{subsection.G.10}{Install PyQt4}{appendix.G}
\BOOKMARK [2][-]{subsection.G.11}{Install CMake}{appendix.G}
\BOOKMARK [2][-]{subsection.G.12}{Install Subversion}{appendix.G}
\BOOKMARK [2][-]{subsection.G.13}{Initial SVN Check out}{appendix.G}
\BOOKMARK [2][-]{subsection.G.14}{Create Makefiles using cmakesetup.exe}{appendix.G}
\BOOKMARK [2][-]{subsection.G.15}{Running and packaging}{appendix.G}
\BOOKMARK [1][-]{appendix.H}{QGIS Coding Standards}{}
\BOOKMARK [2][-]{subsection.H.1}{Classes}{appendix.H}
\BOOKMARK [3][-]{subsubsection.H.1.1}{Names}{subsection.H.1}
\BOOKMARK [3][-]{subsubsection.H.1.2}{Members}{subsection.H.1}
\BOOKMARK [3][-]{subsubsection.H.1.3}{Accessor Functions}{subsection.H.1}
\BOOKMARK [3][-]{subsubsection.H.1.4}{Functions}{subsection.H.1}
\BOOKMARK [2][-]{subsection.H.2}{Qt Designer}{appendix.H}
\BOOKMARK [3][-]{subsubsection.H.2.1}{Generated Classes}{subsection.H.2}
\BOOKMARK [3][-]{subsubsection.H.2.2}{Dialogs}{subsection.H.2}
\BOOKMARK [2][-]{subsection.H.3}{C++ Files}{appendix.H}
\BOOKMARK [3][-]{subsubsection.H.3.1}{Names}{subsection.H.3}
\BOOKMARK [3][-]{subsubsection.H.3.2}{Standard Header and License}{subsection.H.3}
\BOOKMARK [3][-]{subsubsection.H.3.3}{CVS Keyword}{subsection.H.3}
\BOOKMARK [2][-]{subsection.H.4}{Variable Names}{appendix.H}
\BOOKMARK [2][-]{subsection.H.5}{Enumerated Types}{appendix.H}
\BOOKMARK [2][-]{subsection.H.6}{Global Constants}{appendix.H}
\BOOKMARK [2][-]{subsection.H.7}{Editing}{appendix.H}
\BOOKMARK [3][-]{subsubsection.H.7.1}{Tabs}{subsection.H.7}
\BOOKMARK [3][-]{subsubsection.H.7.2}{Indentation}{subsection.H.7}
\BOOKMARK [3][-]{subsubsection.H.7.3}{Braces}{subsection.H.7}
\BOOKMARK [2][-]{subsection.H.8}{API Compatibility}{appendix.H}
\BOOKMARK [2][-]{subsection.H.9}{Coding Style}{appendix.H}
\BOOKMARK [3][-]{subsubsection.H.9.1}{Where-ever Possible Generalize Code}{subsection.H.9}
\BOOKMARK [3][-]{subsubsection.H.9.2}{Prefer Having Constants First in Predicates}{subsection.H.9}
\BOOKMARK [3][-]{subsubsection.H.9.3}{Whitespace Can Be Your Friend}{subsection.H.9}
\BOOKMARK [3][-]{subsubsection.H.9.4}{Add Trailing Identifying Comments}{subsection.H.9}
\BOOKMARK [3][-]{subsubsection.H.9.5}{Use Braces Even for Single Line Statements}{subsection.H.9}
\BOOKMARK [3][-]{subsubsection.H.9.6}{Book recommendations}{subsection.H.9}
\BOOKMARK [1][-]{appendix.I}{SVN Access}{}
\BOOKMARK [2][-]{subsection.I.1}{Accessing the Repository}{appendix.I}
\BOOKMARK [2][-]{subsection.I.2}{Anonymous Access}{appendix.I}
\BOOKMARK [2][-]{subsection.I.3}{QGIS documentation sources}{appendix.I}
\BOOKMARK [2][-]{subsection.I.4}{Documentation}{appendix.I}
\BOOKMARK [2][-]{subsection.I.5}{Development in branches}{appendix.I}
\BOOKMARK [3][-]{subsubsection.I.5.1}{Purpose}{subsection.I.5}
\BOOKMARK [3][-]{subsubsection.I.5.2}{Procedure}{subsection.I.5}
\BOOKMARK [3][-]{subsubsection.I.5.3}{Creating a branch}{subsection.I.5}
\BOOKMARK [3][-]{subsubsection.I.5.4}{Merge regularly from trunk to branch}{subsection.I.5}
\BOOKMARK [2][-]{subsection.I.6}{Submitting Patches}{appendix.I}
\BOOKMARK [3][-]{subsubsection.I.6.1}{Patch file naming}{subsection.I.6}
\BOOKMARK [3][-]{subsubsection.I.6.2}{Create your patch in the top level QGIS source dir}{subsection.I.6}
\BOOKMARK [3][-]{subsubsection.I.6.3}{Including non version controlled files in your patch}{subsection.I.6}
\BOOKMARK [3][-]{subsubsection.I.6.4}{Getting your patch noticed}{subsection.I.6}
\BOOKMARK [3][-]{subsubsection.I.6.5}{Due Diligence}{subsection.I.6}
\BOOKMARK [2][-]{subsection.I.7}{Obtaining SVN Write Access}{appendix.I}
\BOOKMARK [3][-]{subsubsection.I.7.1}{Procedure once you have access}{subsection.I.7}
\BOOKMARK [1][-]{appendix.J}{Unit Testing}{}
\BOOKMARK [2][-]{subsection.J.1}{The QGIS testing framework - an overview}{appendix.J}
\BOOKMARK [2][-]{subsection.J.2}{Creating a unit test}{appendix.J}
\BOOKMARK [2][-]{subsection.J.3}{Adding your unit test to CMakeLists.txt}{appendix.J}
\BOOKMARK [2][-]{subsection.J.4}{Building your unit test}{appendix.J}
\BOOKMARK [2][-]{subsection.J.5}{Run your tests}{appendix.J}
\BOOKMARK [1][-]{appendix.K}{HIG \(Human Interface Guidelines\)}{}
\BOOKMARK [1][-]{appendix.L}{GNU General Public License}{}
\BOOKMARK [2][-]{subsection.L.1}{Quantum GIS Qt exception for GPL}{appendix.L}
\BOOKMARK [1][-]{subsection.L.1}{Cited literature}{}
