This is pdfTeXk, Version 3.141592-1.40.3 (Web2C 7.5.6) (format=latex 2008.5.12)  20 MAR 2009 16:09
entering extended mode
 %&-line parsing enabled.
**coding-compilation_guide.tex
(./coding-compilation_guide.tex
LaTeX2e <2005/12/01>
Babel <v3.8h> and hyphenation patterns for english, usenglishmax, dumylang, noh
yphenation, arabic, farsi, croatian, ukrainian, russian, bulgarian, czech, slov
ak, danish, dutch, finnish, basque, french, german, ngerman, ibycus, greek, mon
ogreek, ancientgreek, hungarian, italian, latin, mongolian, norsk, icelandic, i
nterlingua, turkish, coptic, romanian, welsh, serbian, slovenian, estonian, esp
eranto, uppersorbian, indonesian, polish, portuguese, spanish, catalan, galicia
n, swedish, ukenglish, loaded.
(/usr/share/texmf-texlive/tex/latex/koma-script/scrartcl.cls
Document Class: scrartcl 2006/07/30 v2.95b KOMA-Script document class (article)

(/usr/share/texmf-texlive/tex/latex/koma-script/scrkbase.sty
Package: scrkbase 2006/07/30 v2.95b KOMA-Script package (basics and keyval use)


(/usr/share/texmf-texlive/tex/latex/koma-script/scrlfile.sty
Package: scrlfile 2006/03/28 v2.95 KOMA-Script package (loading files)

Package scrlfile, 2006/03/28 v2.95 KOMA-Script package (loading files)
                  Copyright (C) Markus Kohm

) (/usr/share/texmf-texlive/tex/latex/graphics/keyval.sty
Package: keyval 1999/03/16 v1.13 key=value parser (DPC)
\KV@toks@=\toks14
))
Package scrkbase Info: You've used the obsolete option `11pt'.
(scrkbase)             \KOMAoptions{fontsize=11pt} will be used instead.
(scrkbase)             You should do this change too on input line 594.

(/usr/share/texmf-texlive/tex/latex/base/size11.clo
File: size11.clo 2005/09/16 v1.4f Standard LaTeX file (size option)
)
(/usr/share/texmf-texlive/tex/latex/koma-script/typearea.sty
Package: typearea 2006/07/30 v2.95b KOMA-Script package (type area)

Package typearea, 2006/07/30 v2.95b KOMA-Script package (type area)
                  Copyright (C) Frank Neukam, 1992-1994
                  Copyright (C) Markus Kohm, 1994-2002

\ta@bcor=\skip41
\ta@div=\count79
Package scrkbase Info: You've used the obsolete option `onecolumn'.
(scrkbase)             \KOMAoptions{twocolumn=false} will be used instead.
(scrkbase)             You should do this change too on input line 419.
Package scrkbase Info: You've used the obsolete option `a4paper'.
(scrkbase)             \KOMAoptions{paper=a4} will be used instead.
(scrkbase)             You should do this change too on input line 419.
\ta@hblk=\skip42
\ta@vblk=\skip43
\ta@temp=\skip44
Package typearea Info: These are the values describing the layout:
(typearea)             DIV  = 10
(typearea)             BCOR = 0.0pt
(typearea)             \paperwidth      = 597.50793pt
(typearea)              \textwidth      = 418.25555pt
(typearea)              DIV-departure   = -6/100
(typearea)              \evensidemargin = 47.2316pt
(typearea)              \oddsidemargin  = -12.5192pt
(typearea)             \paperheight     = 845.04694pt
(typearea)              \textheight     = 595.80026pt
(typearea)              \topmargin      = -25.16531pt
(typearea)              \headheight     = 17.0pt
(typearea)              \headsep        = 20.40001pt
(typearea)              \topskip        = 11.0pt
(typearea)              \footskip       = 47.60002pt
(typearea)              \baselineskip   = 13.6pt
(typearea)              on input line 832.
)
\c@part=\count80
\c@section=\count81
\c@subsection=\count82
\c@subsubsection=\count83
\c@paragraph=\count84
\c@subparagraph=\count85
\abovecaptionskip=\skip45
\belowcaptionskip=\skip46
\c@pti@nb@sid@b@x=\box26
\c@figure=\count86
\c@table=\count87
\bibindent=\dimen102
) (./qgis_style.sty (/usr/share/texmf-texlive/tex/latex/base/makeidx.sty
Package: makeidx 2000/03/29 v1.0m Standard LaTeX package
)
\@indexfile=\write3
\openout3 = `coding-compilation_guide.idx'.


Writing index file coding-compilation_guide.idx
(/usr/share/texmf-texlive/tex/latex/base/inputenc.sty
Package: inputenc 2006/05/05 v1.1b Input encoding file
\inpenc@prehook=\toks15
\inpenc@posthook=\toks16

(/usr/share/texmf-texlive/tex/latex/base/latin1.def
File: latin1.def 2006/05/05 v1.1b Input encoding file
))
(/usr/share/texmf-texlive/tex/latex/base/fontenc.sty
Package: fontenc 2005/09/27 v1.99g Standard LaTeX package

(/usr/share/texmf-texlive/tex/latex/base/t1enc.def
File: t1enc.def 2005/09/27 v1.99g Standard LaTeX file
LaTeX Font Info:    Redeclaring font encoding T1 on input line 43.
))
(/usr/share/texmf-texlive/tex/latex/ae/ae.sty
Package: ae 2001/02/12 1.3 Almost European Computer Modern

(/usr/share/texmf-texlive/tex/latex/base/fontenc.sty
Package: fontenc 2005/09/27 v1.99g Standard LaTeX package

(/usr/share/texmf-texlive/tex/latex/base/t1enc.def
File: t1enc.def 2005/09/27 v1.99g Standard LaTeX file
LaTeX Font Info:    Redeclaring font encoding T1 on input line 43.
)
LaTeX Font Info:    Try loading font information for T1+aer on input line 100.

(/usr/share/texmf-texlive/tex/latex/ae/t1aer.fd
File: t1aer.fd 1997/11/16 Font definitions for T1/aer.
)))
(/usr/share/texmf-texlive/tex/latex/ae/aecompl.sty
Package: aecompl 1998/07/23 0.9 T1 Complements for AE fonts (D. Roegel)
)
(/usr/share/texmf-texlive/tex/latex/caption/caption.sty
Package: caption 2007/01/07 v3.0k Customising captions (AR)

(/usr/share/texmf-texlive/tex/latex/caption/caption3.sty
Package: caption3 2007/01/07 v3.0k caption3 kernel (AR)
\captionmargin=\dimen103
\captionmarginx=\dimen104
\captionwidth=\dimen105
\captionindent=\dimen106
\captionparindent=\dimen107
\captionhangindent=\dimen108
)) (./html.sty
Package: html 1999/07/19 v1.38 hypertext commands for latex2html (nd, hws, rrm)

\c@lpart=\count88
\c@lchapter=\count89
\c@chapter=\count90
\c@lsection=\count91
\c@lsubsection=\count92
\c@lsubsubsection=\count93
\c@lparagraph=\count94
\c@lsubparagraph=\count95
\c@lsubsubparagraph=\count96
\ptrfile=\write4
)
(/usr/share/texmf-texlive/tex/latex/psnfss/helvet.sty
Package: helvet 2005/04/12 PSNFSS-v9.2a (WaS) 
)
(/usr/share/texmf-texlive/tex/latex/graphics/graphicx.sty
Package: graphicx 1999/02/16 v1.0f Enhanced LaTeX Graphics (DPC,SPQR)

(/usr/share/texmf-texlive/tex/latex/graphics/graphics.sty
Package: graphics 2006/02/20 v1.0o Standard LaTeX Graphics (DPC,SPQR)

(/usr/share/texmf-texlive/tex/latex/graphics/trig.sty
Package: trig 1999/03/16 v1.09 sin cos tan (DPC)
)
(/etc/texmf/tex/latex/config/graphics.cfg
File: graphics.cfg 2007/01/18 v1.5 graphics configuration of teTeX/TeXLive
)
Package graphics Info: Driver file: dvipdf.def on input line 90.

(/usr/share/texmf-texlive/tex/latex/graphics/dvipdf.def
File: dvipdf.def 1999/02/16 v3.0i Driver-dependant file (DPC,SPQR)
))
\Gin@req@height=\dimen109
\Gin@req@width=\dimen110
)
(/usr/share/texmf-texlive/tex/latex/graphics/color.sty
Package: color 2005/11/14 v1.0j Standard LaTeX Color (DPC)

(/etc/texmf/tex/latex/config/color.cfg
File: color.cfg 2007/01/18 v1.5 color configuration of teTeX/TeXLive
)
Package color Info: Driver file: dvips.def on input line 130.

(/usr/share/texmf-texlive/tex/latex/graphics/dvips.def
File: dvips.def 1999/02/16 v3.0i Driver-dependant file (DPC,SPQR)
)
(/usr/share/texmf-texlive/tex/latex/graphics/dvipsnam.def
File: dvipsnam.def 1999/02/16 v3.0i Driver-dependant file (DPC,SPQR)
))
(/usr/share/texmf-texlive/tex/latex/natbib/natbib.sty
Package: natbib 2007/02/05 8.0 (PWD)
\bibhang=\skip47
\bibsep=\skip48
LaTeX Info: Redefining \cite on input line 602.
\c@NAT@ctr=\count97
)
(/usr/share/texmf-texlive/tex/latex/floatflt/floatflt.sty
Package: floatflt 1997/07/16 v. 1.31
\c@OptionTest=\count98
\figbox=\box27
\tabbox=\box28
\pagebox=\box29
\ffigcount=\count99
\ftabcount=\count100
\fftest=\count101
\hangcount=\count102
\nosuccesstryfig=\count103
\nosuccesstrytab=\count104
\figgutter=\dimen111
\tabgutter=\dimen112
\htdone=\dimen113
\pageht=\dimen114
\startpageht=\dimen115
\tabbredd=\dimen116
\floatfltwidth=\dimen117
\fltitemwidth=\dimen118
\outputpretest=\toks17
)
(/usr/share/texmf-texlive/tex/latex/hyphenat/hyphenat.sty
Package: hyphenat 2001/01/02 v2.3a hyphenation utilities
\langwohyphens=\language47
LaTeX Info: Redefining \_ on input line 34.
)
(/usr/share/texmf-texlive/tex/latex/fancyhdr/fancyhdr.sty
\fancy@headwidth=\skip49
\f@ncyO@elh=\skip50
\f@ncyO@erh=\skip51
\f@ncyO@olh=\skip52
\f@ncyO@orh=\skip53
\f@ncyO@elf=\skip54
\f@ncyO@erf=\skip55
\f@ncyO@olf=\skip56
\f@ncyO@orf=\skip57
)
(/usr/share/texmf-texlive/tex/latex/supertabular/supertabular.sty
Package: supertabular 2004/02/20 v4.1e the supertabular environment
\c@tracingst=\count105
\ST@wd=\dimen119
\ST@rightskip=\skip58
\ST@leftskip=\skip59
\ST@parfillskip=\skip60
\ST@pageleft=\dimen120
\ST@headht=\dimen121
\ST@tailht=\dimen122
\ST@pagesofar=\dimen123
\ST@pboxht=\dimen124
\ST@lineht=\dimen125
\ST@stretchht=\dimen126
\ST@prevht=\dimen127
\ST@toadd=\dimen128
\ST@dimen=\dimen129
\ST@pbox=\box30
)
(/usr/share/texmf-texlive/tex/latex/tools/tabularx.sty
Package: tabularx 1999/01/07 v2.07 `tabularx' package (DPC)

(/usr/share/texmf-texlive/tex/latex/tools/array.sty
Package: array 2005/08/23 v2.4b Tabular extension package (FMi)
\col@sep=\dimen130
\extrarowheight=\dimen131
\NC@list=\toks18
\extratabsurround=\skip61
\backup@length=\skip62
)
\TX@col@width=\dimen132
\TX@old@table=\dimen133
\TX@old@col=\dimen134
\TX@target=\dimen135
\TX@delta=\dimen136
\TX@cols=\count106
\TX@ftn=\toks19
)
(/usr/share/texmf-texlive/tex/latex/rotating/rotating.sty
Package: rotating 1997/09/26, v2.13 Rotation package

(/usr/share/texmf-texlive/tex/latex/base/ifthen.sty
Package: ifthen 2001/05/26 v1.1c Standard LaTeX ifthen package (DPC)
)
\c@r@tfl@t=\count107
\rot@float@box=\box31
)
(/usr/share/texmf-texlive/tex/latex/colortbl/colortbl.sty
Package: colortbl 2001/02/13 v0.1j Color table columns (DPC)
\everycr=\toks20
\minrowclearance=\skip63
)
(/usr/share/texmf-texlive/tex/latex/tools/hhline.sty
Package: hhline 1994/05/23 v2.03 Table rule package (DPC)
)
(/usr/share/texmf-texlive/tex/latex/footmisc/footmisc.sty
Package: footmisc 2005/03/17 v5.3d a miscellany of footnote facilities
\FN@temptoken=\toks21
\footnotemargin=\dimen137


LaTeX Warning: Command \@makecol  has changed.
               Check if current package is valid.

\c@pp@next@reset=\count108
Package footmisc Info: Declaring symbol style bringhurst on input line 817.
Package footmisc Info: Declaring symbol style chicago on input line 818.
Package footmisc Info: Declaring symbol style wiley on input line 819.
Package footmisc Info: Declaring symbol style lamport-robust on input line 823.

Package footmisc Info: Declaring symbol style lamport* on input line 831.
Package footmisc Info: Declaring symbol style lamport*-robust on input line 840
.
) (/usr/share/texmf-texlive/tex/latex/subfigure/subfigure.sty
Package: subfigure 2002/03/15 v2.1.5 subfigure package
\subfigtopskip=\skip64
\subfigcapskip=\skip65
\subfigcaptopadj=\dimen138
\subfigbottomskip=\skip66
\subfigcapmargin=\dimen139
\subfiglabelskip=\skip67
\c@subfigure=\count109
\c@lofdepth=\count110
\c@subtable=\count111
\c@lotdepth=\count112

****************************************
* Local config file subfigure.cfg used *
****************************************
(/usr/share/texmf-texlive/tex/latex/subfigure/subfigure.cfg)
\subfig@top=\skip68
\subfig@bottom=\skip69
)
(/usr/share/texmf-texlive/tex/latex/placeins/placeins.sty
Package: placeins 2005/04/18  v 2.2
)
(/usr/share/texmf-texlive/tex/latex/float/float.sty
Package: float 2001/11/08 v1.3d Float enhancements (AL)
\c@float@type=\count113
\float@exts=\toks22
\float@box=\box32
\@float@everytoks=\toks23
\@floatcapt=\box33
)
\@float@every@karte=\toks24
\c@karte=\count114
 (./bibtopic.sty
Package: bibtopic 2000/10/17 v1.0j Sectioned Bibliographies
\c@btauxfile=\count115
\bt@infilea=\read1
\bt@infileb=\read2
\bt@outfile=\write5
\bt@tempboxa=\box34
)
(/usr/share/texmf-texlive/tex/latex/tools/xspace.sty
Package: xspace 2006/05/08 v1.12 Space after command names (DPC,MH)
)
(/usr/share/texmf-texlive/tex/latex/hyperref/hyperref.sty
Package: hyperref 2007/02/07 v6.75r Hypertext links for LaTeX
\@linkdim=\dimen140
\Hy@linkcounter=\count116
\Hy@pagecounter=\count117

(/usr/share/texmf-texlive/tex/latex/hyperref/pd1enc.def
File: pd1enc.def 2007/02/07 v6.75r Hyperref: PDFDocEncoding definition (HO)
)
(/etc/texmf/tex/latex/config/hyperref.cfg
File: hyperref.cfg 2002/06/06 v1.2 hyperref configuration of TeXLive
)
(/usr/share/texmf-texlive/tex/latex/oberdiek/kvoptions.sty
Package: kvoptions 2006/08/22 v2.4 Connects package keyval with LaTeX options (
HO)
)
Package hyperref Info: Option `bookmarks' set `true' on input line 2238.
Package hyperref Info: Option `breaklinks' set `true' on input line 2238.
Package hyperref Info: Option `colorlinks' set `true' on input line 2238.
Package hyperref Info: Hyper figures OFF on input line 2288.
Package hyperref Info: Link nesting OFF on input line 2293.
Package hyperref Info: Hyper index ON on input line 2296.
Package hyperref Info: Plain pages OFF on input line 2303.
Package hyperref Info: Backreferencing OFF on input line 2308.

Implicit mode ON; LaTeX internals redefined
Package hyperref Info: Bookmarks ON on input line 2444.
(/usr/share/texmf-texlive/tex/latex/ltxmisc/url.sty
\Urlmuskip=\muskip10
Package: url 2005/06/27  ver 3.2  Verb mode for urls, etc.
)
LaTeX Info: Redefining \url on input line 2599.
LaTeX Info: Redefining \hyperref on input line 2610.
\Fld@menulength=\count118
\Field@Width=\dimen141
\Fld@charsize=\dimen142
\Choice@toks=\toks25
\Field@toks=\toks26
Package hyperref Info: Hyper figures OFF on input line 3102.
Package hyperref Info: Link nesting OFF on input line 3107.
Package hyperref Info: Hyper index ON on input line 3110.
Package hyperref Info: backreferencing OFF on input line 3117.
Package hyperref Info: Link coloring ON on input line 3120.
\Hy@abspage=\count119
\c@Item=\count120
)
*hyperref using driver hdvips*
(/usr/share/texmf-texlive/tex/latex/hyperref/hdvips.def
File: hdvips.def 2007/02/07 v6.75r Hyperref driver for dvips

(/usr/share/texmf-texlive/tex/latex/hyperref/pdfmark.def
File: pdfmark.def 2007/02/07 v6.75r Hyperref definitions for pdfmark specials
\pdf@docset=\toks27
\pdf@box=\box35
\pdf@toks=\toks28
\pdf@defaulttoks=\toks29
\Fld@listcount=\count121
))
(/usr/share/texmf-texlive/tex/latex/fancybox/fancybox.sty
Package: fancybox 2000/09/19 1.3

Style option: `fancybox' v1.3 <2000/09/19> (tvz)
\@fancybox=\box36
\shadowsize=\dimen143
\@Sbox=\box37
\do@VerbBox=\toks30
\the@fancyput=\toks31
\this@fancyput=\toks32
\EndVerbatimTokens=\toks33
\Verbatim@Outfile=\write6
\Verbatim@Infile=\read3
) (/usr/share/texmf/tex/latex/xcolor/xcolor.sty
Package: xcolor 2007/01/21 v2.11 LaTeX color extensions (UK)

(/etc/texmf/tex/latex/config/color.cfg
File: color.cfg 2007/01/18 v1.5 color configuration of teTeX/TeXLive
)
Package xcolor Info: Driver file: dvips.def on input line 225.
LaTeX Info: Redefining \color on input line 702.
Package xcolor Info: Model `cmy' substituted by `cmy0' on input line 1337.
Package xcolor Info: Model `RGB' extended on input line 1353.
Package xcolor Info: Model `HTML' substituted by `rgb' on input line 1355.
Package xcolor Info: Model `Hsb' substituted by `hsb' on input line 1356.
Package xcolor Info: Model `tHsb' substituted by `hsb' on input line 1357.
Package xcolor Info: Model `HSB' substituted by `hsb' on input line 1358.
Package xcolor Info: Model `Gray' substituted by `gray' on input line 1359.
Package xcolor Info: Model `wave' substituted by `hsb' on input line 1360.
)
(/usr/share/texmf-texlive/tex/latex/amsmath/amsmath.sty
Package: amsmath 2000/07/18 v2.13 AMS math features
\@mathmargin=\skip70

For additional information on amsmath, use the `?' option.
(/usr/share/texmf-texlive/tex/latex/amsmath/amstext.sty
Package: amstext 2000/06/29 v2.01

(/usr/share/texmf-texlive/tex/latex/amsmath/amsgen.sty
File: amsgen.sty 1999/11/30 v2.0
\@emptytoks=\toks34
\ex@=\dimen144
))
(/usr/share/texmf-texlive/tex/latex/amsmath/amsbsy.sty
Package: amsbsy 1999/11/29 v1.2d
\pmbraise@=\dimen145
)
(/usr/share/texmf-texlive/tex/latex/amsmath/amsopn.sty
Package: amsopn 1999/12/14 v2.01 operator names
)
\inf@bad=\count122
LaTeX Info: Redefining \frac on input line 211.
\uproot@=\count123
\leftroot@=\count124
LaTeX Info: Redefining \overline on input line 307.
\classnum@=\count125
\DOTSCASE@=\count126
LaTeX Info: Redefining \ldots on input line 379.
LaTeX Info: Redefining \dots on input line 382.
LaTeX Info: Redefining \cdots on input line 467.
\Mathstrutbox@=\box38
\strutbox@=\box39
\big@size=\dimen146
LaTeX Font Info:    Redeclaring font encoding OML on input line 567.
LaTeX Font Info:    Redeclaring font encoding OMS on input line 568.
\macc@depth=\count127
\c@MaxMatrixCols=\count128
\dotsspace@=\muskip11
\c@parentequation=\count129
\dspbrk@lvl=\count130
\tag@help=\toks35
\row@=\count131
\column@=\count132
\maxfields@=\count133
\andhelp@=\toks36
\eqnshift@=\dimen147
\alignsep@=\dimen148
\tagshift@=\dimen149
\tagwidth@=\dimen150
\totwidth@=\dimen151
\lineht@=\dimen152
\@envbody=\toks37
\multlinegap=\skip71
\multlinetaggap=\skip72
\mathdisplay@stack=\toks38
LaTeX Info: Redefining \[ on input line 2666.
LaTeX Info: Redefining \] on input line 2667.
)
(/usr/share/texmf-texlive/tex/latex/amsfonts/amssymb.sty
Package: amssymb 2002/01/22 v2.2d

(/usr/share/texmf-texlive/tex/latex/amsfonts/amsfonts.sty
Package: amsfonts 2001/10/25 v2.2f
\symAMSa=\mathgroup4
\symAMSb=\mathgroup5
LaTeX Font Info:    Overwriting math alphabet `\mathfrak' in version `bold'
(Font)                  U/euf/m/n --> U/euf/b/n on input line 132.
))
(/usr/share/texmf-texlive/tex/latex/stmaryrd/stmaryrd.sty
Package: stmaryrd 1994/03/03 St Mary's Road symbol package
\symstmry=\mathgroup6
LaTeX Font Info:    Overwriting symbol font `stmry' in version `bold'
(Font)                  U/stmry/m/n --> U/stmry/b/n on input line 89.
))
(./coding-compilation_guide.aux (./title.aux) (./preamble.aux) (./toc.aux)
(./forward.aux) (./conventions.aux) (./introduction.aux) (./getting_started.aux
) (./features_at_a_glance.aux) (./working_with_vector.aux)
(./working_with_raster.aux) (./working_with_ogc.aux)
(./working_with_projections.aux) (./grass_integration.aux)
(./print_composer.aux) (./plugins.aux) (./core_plugins.aux)
(./plugins_coordinate_capture.aux) (./plugins_decorations.aux)
(./plugins_delimited_text.aux) (./plugins_dxf2shape_converter.aux)
(./plugins_georeferencer.aux) (./plugins_quick_print.aux) (./plugins_gps.aux)
(./plugins_graticule_creator.aux) (./plugins_interpolation.aux)
(./plugins_mapserver_export.aux) (./plugins_ogr_converter.aux)
(./external_plugins.aux) (./plugins_writing_in_cpp.aux)
(./plugins_writing_in_python.aux) (./creating_cpp_applications.aux)
(./creating_pyqgis_applications.aux) (./help_and_support.aux)
(./appendices/supported_data_formats.aux)
(./appendices/grass_toolbox_modules.aux) (./install.aux) (./coding.aux)
(./appendices/gpl.aux) (./appendices/qgis_qt_gpl_exception.aux)
(./literature.aux) (./index.aux))
\openout1 = `coding-compilation_guide.aux'.

LaTeX Font Info:    Checking defaults for OML/cmm/m/it on input line 8.
LaTeX Font Info:    ... okay on input line 8.
LaTeX Font Info:    Checking defaults for T1/cmr/m/n on input line 8.
LaTeX Font Info:    ... okay on input line 8.
LaTeX Font Info:    Checking defaults for OT1/cmr/m/n on input line 8.
LaTeX Font Info:    ... okay on input line 8.
LaTeX Font Info:    Checking defaults for OMS/cmsy/m/n on input line 8.
LaTeX Font Info:    ... okay on input line 8.
LaTeX Font Info:    Checking defaults for OMX/cmex/m/n on input line 8.
LaTeX Font Info:    ... okay on input line 8.
LaTeX Font Info:    Checking defaults for U/cmr/m/n on input line 8.
LaTeX Font Info:    ... okay on input line 8.
LaTeX Font Info:    Checking defaults for PD1/pdf/m/n on input line 8.
LaTeX Font Info:    ... okay on input line 8.
LaTeX Font Info:    Try loading font information for T1+phv on input line 8.

(/usr/share/texmf-texlive/tex/latex/psnfss/t1phv.fd
File: t1phv.fd 2001/06/04 scalable font definitions for T1/phv.
)
(/usr/share/texmf-texlive/tex/latex/ragged2e/ragged2e.sty
Package: ragged2e 2003/03/25 v2.04 ragged2e Package (MS)

(/usr/share/texmf-texlive/tex/latex/everysel/everysel.sty
Package: everysel 1999/06/08 v1.03 EverySelectfont Package (MS)
LaTeX Info: Redefining \selectfont on input line 125.
)
\CenteringLeftskip=\skip73
\RaggedLeftLeftskip=\skip74
\RaggedRightLeftskip=\skip75
\CenteringRightskip=\skip76
\RaggedLeftRightskip=\skip77
\RaggedRightRightskip=\skip78
\CenteringParfillskip=\skip79
\RaggedLeftParfillskip=\skip80
\RaggedRightParfillskip=\skip81
\JustifyingParfillskip=\skip82
\CenteringParindent=\skip83
\RaggedLeftParindent=\skip84
\RaggedRightParindent=\skip85
\JustifyingParindent=\skip86
)
Package caption Info: KOMA-Script class detected on input line 8.
Package caption Info: float package v1.3 (or newer) detected on input line 8.
Package caption Info: hyperref package v6.74m (or newer) detected on input line
 8.
Package caption Info: rotating package v2.0 (or newer) detected on input line 8
.
Package caption Info: supertabular package detected on input line 8.
Package hyperref Info: Link coloring ON on input line 8.

(/usr/share/texmf-texlive/tex/latex/hyperref/nameref.sty
Package: nameref 2006/12/27 v2.28 Cross-referencing by name of section

(/usr/share/texmf-texlive/tex/latex/oberdiek/refcount.sty
Package: refcount 2006/02/20 v3.0 Data extraction from references (HO)
)
\c@section@level=\count134
)
LaTeX Info: Redefining \ref on input line 8.
LaTeX Info: Redefining \pageref on input line 8.

(./coding-compilation_guide.out) (./coding-compilation_guide.out)
\@outlinefile=\write7
\openout7 = `coding-compilation_guide.out'.

\openout2 = `title.aux'.

 (./title.tex

Package hyperref Warning: No destination for bookmark of \addcontentsline,
(hyperref)                destination is added on input line 4.

File: ./finalpix/qgis_icon_new_verylarge.eps Graphic file (type eps)
<./finalpix/qgis_icon_new_verylarge.eps> [1


])
\openout2 = `preamble.aux'.

 (./preamble.tex
LaTeX Font Info:    Font shape `T1/phv/bx/n' in size <10.95> not available
(Font)              Font shape `T1/phv/b/n' tried instead on input line 8.
LaTeX Font Info:    Font shape `T1/phv/bx/n' in size <14.4> not available
(Font)              Font shape `T1/phv/b/n' tried instead on input line 8.
LaTeX Font Info:    Try loading font information for T1+aett on input line 21.

(/usr/share/texmf-texlive/tex/latex/ae/t1aett.fd
File: t1aett.fd 1997/11/16 Font definitions for T1/aett.
)
LaTeX Font Info:    Try loading font information for U+msa on input line 21.

(/usr/share/texmf-texlive/tex/latex/amsfonts/umsa.fd
File: umsa.fd 2002/01/19 v2.2g AMS font definitions
)
LaTeX Font Info:    Try loading font information for U+msb on input line 21.

(/usr/share/texmf-texlive/tex/latex/amsfonts/umsb.fd
File: umsb.fd 2002/01/19 v2.2g AMS font definitions
)
LaTeX Font Info:    Try loading font information for U+stmry on input line 21.

(/usr/share/texmf-texlive/tex/latex/stmaryrd/Ustmry.fd)
LaTeX Font Info:    Try loading font information for OMS+phv on input line 67.

(/usr/share/texmf-texlive/tex/latex/psnfss/omsphv.fd
File: omsphv.fd 
)

LaTeX Font Warning: Font shape `OMS/phv/bx/n' undefined
(Font)              using `OMS/phv/m/n' instead on input line 67.

LaTeX Font Info:    Font shape `OMS/phv/m/n' in size <10.95> not available
(Font)              Font shape `OMS/cmsy/m/n' tried instead on input line 67.
LaTeX Font Info:    Font shape `OMS/phv/bx/n' in size <10.95> not available
(Font)              Font shape `OMS/cmsy/m/n' tried instead on input line 67.
) [2


]
\openout2 = `toc.aux'.

 (./toc.tex (./coding-compilation_guide.toc [3


] [4] [5] [6])
\tf@toc=\write8
\openout8 = `coding-compilation_guide.toc'.

 [7])
\openout2 = `forward.aux'.


No file forward.tex.
\openout2 = `conventions.aux'.

(./conventions.tex
LaTeX Font Info:    Font shape `T1/phv/m/it' in size <10.95> not available
(Font)              Font shape `T1/phv/m/sl' tried instead on input line 141.
File: ./finalpix/nix.eps Graphic file (type eps)
 <./finalpix/nix.eps>
File: ./finalpix/win.eps Graphic file (type eps)
 <./finalpix/win.eps>
File: ./finalpix/osx.eps Graphic file (type eps)

<./finalpix/osx.eps>
File: ./finalpix/nix.eps Graphic file (type eps)
 <./finalpix/nix.eps>
File: ./finalpix/osx.eps Graphic file (type eps)
 <./finalpix/osx.eps>
File: ./finalpix/win.eps Graphic file (type eps)

<./finalpix/win.eps>) [1




] [2]
\openout2 = `introduction.aux'.


No file introduction.tex.
\openout2 = `getting_started.aux'.

No file getting_started.tex.
\openout2 = `features_at_a_glance.aux'.

No file features_at_a_glance.tex.
\openout2 = `working_with_vector.aux'.

No file working_with_vector.tex.
\openout2 = `working_with_raster.aux'.

No file working_with_raster.tex.
\openout2 = `working_with_ogc.aux'.

No file working_with_ogc.tex.
\openout2 = `working_with_projections.aux'.

No file working_with_projections.tex.
\openout2 = `grass_integration.aux'.

No file grass_integration.tex.
\openout2 = `print_composer.aux'.

No file print_composer.tex.
\openout2 = `plugins.aux'.

No file plugins.tex.
\openout2 = `core_plugins.aux'.

No file core_plugins.tex.
\openout2 = `plugins_coordinate_capture.aux'.

No file plugins_coordinate_capture.tex.
\openout2 = `plugins_decorations.aux'.

No file plugins_decorations.tex.
\openout2 = `plugins_delimited_text.aux'.

No file plugins_delimited_text.tex.
\openout2 = `plugins_dxf2shape_converter.aux'.

No file plugins_dxf2shape_converter.tex.
\openout2 = `plugins_georeferencer.aux'.

No file plugins_georeferencer.tex.
\openout2 = `plugins_quick_print.aux'.

No file plugins_quick_print.tex.
\openout2 = `plugins_gps.aux'.

No file plugins_gps.tex.
\openout2 = `plugins_graticule_creator.aux'.

No file plugins_graticule_creator.tex.
\openout2 = `plugins_interpolation.aux'.

No file plugins_interpolation.tex.
\openout2 = `plugins_mapserver_export.aux'.

No file plugins_mapserver_export.tex.
\openout2 = `plugins_ogr_converter.aux'.

No file plugins_ogr_converter.tex.
\openout2 = `external_plugins.aux'.

No file external_plugins.tex.
\openout2 = `plugins_writing_in_cpp.aux'.

(./plugins_writing_in_cpp.tex
LaTeX Font Info:    Font shape `T1/phv/bx/n' in size <12> not available
(Font)              Font shape `T1/phv/b/n' tried instead on input line 28.


LaTeX Warning: Reference `label_dltext' on page 3 undefined on input line 48.

[3
















































] [4]
Overfull \hbox (4.01427pt too wide) in paragraph at lines 171--171
[]\T1/aett/m/n/10.95 QgsPointConverterPlugin::QgsPointConverterPlugin(QgisInter
face* iface): mIface(iface)[] 
 []


Underfull \vbox (badness 10000) has occurred while \output is active []

 [5]
[6] [7]
Underfull \vbox (badness 10000) has occurred while \output is active []

 [8]
[9]
Underfull \vbox (badness 10000) has occurred while \output is active []

 [10]
Underfull \vbox (badness 10000) has occurred while \output is active []

 [11]
Underfull \vbox (badness 10000) has occurred while \output is active []

 [12]
Overfull \hbox (21.2276pt too wide) in paragraph at lines 521--521
[]\T1/aett/m/n/10.95 void QgsPointConverterPlugin::convertMultiLineString(QgsGe
ometry* geom, const QString& \[] 
 []


Overfull \hbox (4.01427pt too wide) in paragraph at lines 521--521
[]\T1/aett/m/n/10.95 void QgsPointConverterPlugin::convertMultiPolygon(QgsGeome
try* geom, const QString& \[] 
 []


Underfull \vbox (badness 10000) has occurred while \output is active []

 [13]
Underfull \hbox (badness 10000) in paragraph at lines 525--530
\T1/phv/m/n/10.95 At the end we ex-tract the at-tributes from the ac-tive layer
 us-ing QgsVec-tor-Dat-
 []


Underfull \hbox (badness 2460) in paragraph at lines 525--530
\T1/phv/m/n/10.95 aProvider::fieldNameMap(). For each fea-ture we ex-tract the 
field val-ues us-ing Qgs-Fea-
 []

[14]
Underfull \vbox (badness 10000) has occurred while \output is active []

 [15]
Overfull \hbox (4.01427pt too wide) in paragraph at lines 829--829
[]      \T1/aett/m/n/10.95 QMap<int, QString>::const_iterator sortedFieldIt = s
ortedFieldMap.constBegin();[] 
 []


Underfull \vbox (badness 10000) has occurred while \output is active []

 [16]
Underfull \vbox (badness 10000) has occurred while \output is active []

 [17]
Underfull \vbox (badness 10000) has occurred while \output is active []

 [18]
Overfull \hbox (21.2276pt too wide) in paragraph at lines 829--829
[]\T1/aett/m/n/10.95 void QgsPointConverterPlugin::convertMultiLineString(QgsGe
ometry* geom, const QString& \[] 
 []


Underfull \vbox (badness 10000) has occurred while \output is active []

 [19]
Overfull \hbox (4.01427pt too wide) in paragraph at lines 829--829
[]\T1/aett/m/n/10.95 void QgsPointConverterPlugin::convertMultiPolygon(QgsGeome
try* geom, const QString& \[] 
 []


Underfull \vbox (badness 10000) has occurred while \output is active []

 [20])
[21]
\openout2 = `plugins_writing_in_python.aux'.

 (./plugins_writing_in_python.tex
Underfull \vbox (badness 1147) has occurred while \output is active []

 [22


]
File: ./finalpix/nix.eps Graphic file (type eps)

<./finalpix/nix.eps>
File: ./finalpix/osx.eps Graphic file (type eps)
 <./finalpix/osx.eps>
File: ./finalpix/win.eps Graphic file (type eps)
 <./finalpix/win.eps>
File: ./finalpix/mActionShowPluginManager.eps Graphic file (type eps)

<./finalpix/mActionShowPluginManager.eps> [23]
File: ./finalpix/mActionShowPluginManager.eps Graphic file (type eps)

<./finalpix/mActionShowPluginManager.eps>
Underfull \hbox (badness 4391) in paragraph at lines 147--150
[]\T1/phv/m/n/10.95 At this point the plu-gin al-ready the nec-ces-sary in-fras
-truc-ture to ap-pear in the QGIS
 []

[24]
Overfull \hbox (15.48982pt too wide) in paragraph at lines 191--191
[]    \T1/aett/m/n/10.95 self.action = QAction(QIcon(":/plugins/foss4g_plugin/f
oss4g.png"), "FOSS4G plugin",[] 
 []

[25]
Overfull \hbox (21.2276pt too wide) in paragraph at lines 213--213
[]    \T1/aett/m/n/10.95 fileName = QFileDialog.getOpenFileName(None,QString.fr
omLocal8Bit("Select a file:"),[] 
 []

[26]) [27]
\openout2 = `creating_cpp_applications.aux'.

 (./creating_cpp_applications.tex [28


] [29] [30]
LaTeX Font Info:    Font shape `T1/phv/bx/n' in size <10> not available
(Font)              Font shape `T1/phv/b/n' tried instead on input line 185.
File: ./finalpix/osx.eps Graphic file (type eps)

<./finalpix/osx.eps>
File: ./finalpix/osx.eps Graphic file (type eps)
 <./finalpix/osx.eps>
File: ./finalpix/cpp1_application.eps Graphic file (type eps)
 <./finalpix/cpp1_application.eps>
[31] [32]
File: ./finalpix/osx.eps Graphic file (type eps)
 <./finalpix/osx.eps>
File: ./finalpix/osx.eps Graphic file (type eps)
 <./finalpix/osx.eps>
File: ./finalpix/cpp2_application.eps Graphic file (type eps)

<./finalpix/cpp2_application.eps> [33]) [34]
\openout2 = `creating_pyqgis_applications.aux'.


(./creating_pyqgis_applications.tex [35


] [36]
Overfull \hbox (141.72093pt too wide) in paragraph at lines 167--167
[]\T1/aett/m/n/10.95 47     self.actionAddLayer = QAction(QIcon("(qgis_prefix +
 "/share/qgis/themes/classic/mActionAddLayer.png"),[] 
 []


Overfull \hbox (130.24538pt too wide) in paragraph at lines 167--167
[]\T1/aett/m/n/10.95 51     self.actionZoomIn = QAction(QIcon("(qgis_prefix + "
/share/qgis/themes/classic/mActionZoomIn.png"), \[] 
 []


Overfull \hbox (141.72093pt too wide) in paragraph at lines 167--167
[]\T1/aett/m/n/10.95 54     self.actionZoomOut = QAction(QIcon("(qgis_prefix + 
"/share/qgis/themes/classic/mActionZoomOut.png"), \[] 
 []


Overfull \hbox (95.81871pt too wide) in paragraph at lines 167--167
[]\T1/aett/m/n/10.95 57     self.actionPan = QAction(QIcon("(qgis_prefix + "/sh
are/qgis/themes/classic/mActionPan.png"), \[] 
 []

[37]
Overfull \hbox (187.62315pt too wide) in paragraph at lines 167--167
[]\T1/aett/m/n/10.95 60     self.actionZoomFull = QAction(QIcon("(qgis_prefix +
 "/share/qgis/themes/classic/mActionZoomFullExtent.png"), \[] 
 []

[38] [39] [40]
File: ./finalpix/nix.eps Graphic file (type eps)
 <./finalpix/nix.eps>
File: ./finalpix/osx.eps Graphic file (type eps)
 <./finalpix/osx.eps>
File: ./finalpix/win.eps Graphic file (type eps)
 <./finalpix/win.eps>
[41]
File: ./finalpix/nix.eps Graphic file (type eps)
 <./finalpix/nix.eps>
File: ./finalpix/osx.eps Graphic file (type eps)
 <./finalpix/osx.eps>
File: ./finalpix/win.eps Graphic file (type eps)
 <./finalpix/win.eps>) [42]
\openout2 = `help_and_support.aux'.


No file help_and_support.tex.
\openout2 = `appendices/supported_data_formats.aux'.

No file appendices/supported_data_formats.tex.
\openout2 = `appendices/grass_toolbox_modules.aux'.

No file appendices/grass_toolbox_modules.tex.
\openout2 = `install.aux'.

(./install.tex [43








] [44]
Underfull \hbox (badness 7631) in paragraph at lines 104--106
[]\T1/phv/m/n/10.95 If you plan to do some de-bug-ging, you'll need to com-pile
 de-bug ver-sion of Qt:
 []


Underfull \hbox (badness 1354) in paragraph at lines 121--122
[][][][]$\T1/aett/m/n/10.95 http : / / sourceforge . net / project / showfiles 
. php ? group _ id = 23617&package _ id = 16424$[][][][] \T1/phv/m/n/10.95 (the
 zip
 []

[45] [46] [47]
Underfull \hbox (badness 5533) in paragraph at lines 250--253
[]\T1/phv/m/n/10.95 Another pos-si-bil-ity is to run qgis.exe when your path co
n-tains c:$\OMS/cmsy/m/n/10.95 n$\T1/phv/m/n/10.95 msys$\OMS/cmsy/m/n/10.95 n$\
T1/phv/m/n/10.95 local$\OMS/cmsy/m/n/10.95 n$\T1/phv/m/n/10.95 bin and
 []


Package hyperref Warning: Token not allowed in a PDFDocEncoded string,
(hyperref)                removing `math shift' on input line 262.


Package hyperref Warning: Token not allowed in a PDFDocEncoded string,
(hyperref)                removing `math shift' on input line 262.

[48] [49] [50] [51] [52]
Underfull \hbox (badness 10000) in paragraph at lines 491--493
[]\T1/phv/m/n/10.95 You also need to in-stall BerkleyDB avail-able from the sam
e
 []

[53] [54]
Underfull \hbox (badness 3068) in paragraph at lines 573--576
[]$[]$ \T1/phv/m/n/10.95 To find the cus-tom in-stall of SIP on Leop-ard, add "
"- D SIP_-BI-NARY_-
 []

[55] [56] [57] [58] [59] [60] [61] [62]
Overfull \hbox (9.75204pt too wide) in paragraph at lines 996--996
[]\T1/aett/m/n/10.95 g++ -s -shared -o ./libgdal.dll -L/usr/local/lib -lz -lpng
 ./frmts/o/*.o ./gcore/*.o \[] 
 []


Overfull \hbox (15.48982pt too wide) in paragraph at lines 996--996
[]\T1/aett/m/n/10.95 ./ogr/ogrpolygon.o ./ogr/ogrutils.o ./ogr/ogrgeometry.o ./
ogr/ogrgeometrycollection.o \[] 
 []


Overfull \hbox (9.75204pt too wide) in paragraph at lines 996--996
[]\T1/aett/m/n/10.95 ./ogr/ogrmultilinestring.o ./ogr/ogr_api.o ./ogr/ogrfeatur
e.o ./ogr/ogrfeaturedefn.o \[] 
 []


Overfull \hbox (21.2276pt too wide) in paragraph at lines 996--996
[]\T1/aett/m/n/10.95 ./ogr/ogr_srs_pci.o ./ogr/ogr_srs_usgs.o ./ogr/ogr_srs_dic
t.o ./ogr/ogr_srs_panorama.o \[] 
 []


Overfull \hbox (4.01427pt too wide) in paragraph at lines 996--996
[]\T1/aett/m/n/10.95 ./ogr/swq.o ./ogr/ogr_srs_validate.o ./ogr/ogr_srs_xml.o .
/ogr/ograssemblepolygon.o \[] 
 []

[63] [64]
Overfull \hbox (21.2276pt too wide) in paragraph at lines 1038--1038
[]\T1/aett/m/n/10.95 ./configure --prefix=/usr/local --bindir=/usr/local --with
-includes=/usr/local/include \[] 
 []


Overfull \hbox (26.96538pt too wide) in paragraph at lines 1038--1038
[]\T1/aett/m/n/10.95 --with-libs=/usr/local/lib --with-cxx --without-jpeg --wit
hout-tiff --with-postgres=yes \[] 
 []


Overfull \hbox (21.2276pt too wide) in paragraph at lines 1069--1069
[]\T1/aett/m/n/10.95 -L/usr/local/grass-6.3.cvs/lib -lgrass\_vect -lgrass\_dig2
 -lgrass\_dgl -lgrass\_rtree \[] 
 []

[65] [66]
Overfull \hbox (26.96538pt too wide) in paragraph at lines 1161--1161
[]\T1/aett/m/n/10.95 http://wwwmaster.postgresql.org/download/mirrors-ftp?file=
\%2Fbinary\%2Fv8.2.4\%2Fwin32 \[] 
 []


Underfull \hbox (badness 3189) in paragraph at lines 1166--1168
\T1/phv/m/n/10.95 We're done with prepa-ra-tion of MSYS en-vi-ron-ment. Now you
 can delete all stuff in
 []

[67]
Underfull \hbox (badness 1132) in paragraph at lines 1189--1190
[]\T1/phv/m/n/10.95 Add \T1/aett/m/n/10.95 %PlatformSDKDir%$\OMS/cmsy/m/n/10.95
 n$\T1/aett/m/n/10.95 Include$\OMS/cmsy/m/n/10.95 n$\T1/aett/m/n/10.95 atl \T1/
phv/m/n/10.95 and \T1/aett/m/n/10.95 %PlatformSDKDir%$\OMS/cmsy/m/n/10.95 n$\T1
/aett/m/n/10.95 Include$\OMS/cmsy/m/n/10.95 n$\T1/aett/m/n/10.95 mfc \T1/phv/m/
n/10.95 to the
 []


Underfull \vbox (badness 3579) has occurred while \output is active []

 [68]
[69] [70]
Underfull \hbox (badness 10000) in paragraph at lines 1297--1299
\T1/phv/m/n/10.95 Get geos from svn (svn check-out [][][]http://svn.refractions
.net/geos/trunk[][][][] geos). Edit
 []

[71] [72]
Underfull \hbox (badness 1990) in paragraph at lines 1393--1394
[]\T1/phv/m/n/10.95 Install QGIS by build-ing the IN-STALL project. By de-fault
 this will in-stall to c:$\OMS/cmsy/m/n/10.95 n$\T1/phv/m/n/10.95 Program
 []

[73] [74] [75] [76]
Overfull \hbox (4.01427pt too wide) in paragraph at lines 1583--1583
[]\T1/aett/m/n/10.95 Library files: C:\Program Files\Microsoft Platform SDK for
 Windows Server 2003 R2\Lib[] 
 []


Overfull \hbox (15.48982pt too wide) in paragraph at lines 1591--1591
[]\T1/aett/m/n/10.95 C:\Program Files\Microsoft Visual Studio 8\VC\VCProjectDef
aults\corewin_express.vsprops[] 
 []

[77]
Overfull \hbox (15.48982pt too wide) in paragraph at lines 1668--1668
[]\T1/aett/m/n/10.95 @set PATH=C:\Program Files\Microsoft Platform SDK for Wind
ows Server 2003 R2\Bin;%PATH%[] 
 []

[78]
Overfull \hbox (4.01427pt too wide) in paragraph at lines 1668--1668
[]\T1/aett/m/n/10.95 @set LIB=C:\Program Files\Microsoft Platform SDK for Windo
ws Server 2003 R2\Lib;%LIB%[] 
 []


Overfull \hbox (15.48982pt too wide) in paragraph at lines 1699--1699
[]\T1/aett/m/n/10.95 INCLUDE            C:\Program Files\Microsoft Platform SDK
 for Windows Server 2003 R2 \[] 
 []


Overfull \hbox (15.48982pt too wide) in paragraph at lines 1699--1699
[]\T1/aett/m/n/10.95 LIB                C:\Program Files\Microsoft Platform SDK
 for Windows Server 2003 R2 \[] 
 []

[79]
Overfull \hbox (15.48982pt too wide) in paragraph at lines 1699--1699
[]                   \T1/aett/m/n/10.95 C:\Program Files\Microsoft Platform SDK
 for Windows Server 2003 R2 \[] 
 []


Overfull \hbox (26.96538pt too wide) in paragraph at lines 1699--1699
[]                   \T1/aett/m/n/10.95 C:\Program Files\Microsoft Platform SDK
 for Windows Server 2003 R2\  \[] 
 []


Overfull \hbox (21.2276pt too wide) in paragraph at lines 1699--1699
[]                   \T1/aett/m/n/10.95 C:\Program Files\svn\bin;C:\Program Fil
es\Microsoft Visual Studio 8 \[] 
 []

[80] [81]
Underfull \hbox (badness 3547) in paragraph at lines 1798--1801
\T1/phv/m/n/10.95 Download [][][]http://www.riverbankcomputing.com/Downloads/Py
Qt4/GPL/PyQt-win-gpl-4.3.1.zip[][][][] and
 []

[82] [83]) [84]
\openout2 = `coding.aux'.

 (./coding.tex
Underfull \hbox (badness 10000) in paragraph at lines 16--22

 []

[85


] [86] [87] [88] [89] [90] [91]
Overfull \hbox (23.41713pt too wide) in paragraph at lines 285--289
\T1/phv/m/n/10.95 More Ef-fec-tive C++ [][][]$\T1/aett/m/n/10.95 http : / / www
 . awprofessional . com / bookstore / product . asp ? isbn = 020163371X&rl = 1$
[][][][] 
 []


Underfull \hbox (badness 10000) in paragraph at lines 290--292
[]\T1/phv/m/n/10.95 You should also re-ally read this ar-ti-cle from Qt Quar-te
rly on de-sign-ing Qt style
 []

[92] [93] [94] [95] [96] [97] [98] [99] [100] [101]
Underfull \vbox (badness 1142) has occurred while \output is active []

 [102]
Overfull \hbox (9.75204pt too wide) in paragraph at lines 799--799
[]  \T1/aett/m/n/10.95 std::cout << "Prefix  PATH: " << QgsApplication::prefixP
ath().toLocal8Bit().data() \[] 
 []


Overfull \hbox (9.75204pt too wide) in paragraph at lines 799--799
[]  \T1/aett/m/n/10.95 std::cout << "Plugin  PATH: " << QgsApplication::pluginP
ath().toLocal8Bit().data() \[] 
 []


Overfull \hbox (15.48982pt too wide) in paragraph at lines 799--799
[]  \T1/aett/m/n/10.95 std::cout << "PkgData PATH: " << QgsApplication::pkgData
Path().toLocal8Bit().data() \[] 
 []


Overfull \hbox (15.48982pt too wide) in paragraph at lines 799--799
[]  \T1/aett/m/n/10.95 std::cout << "User DB PATH: " << QgsApplication::qgisUse
rDbFilePath().toLocal8Bit() \[] 
 []

[103] [104]
Overfull \hbox (15.48982pt too wide) in paragraph at lines 901--901
[]\T1/aett/m/n/10.95 ADD_CUSTOM_TARGET(qgis_rasterlayertestmoc ALL DEPENDS ${qg
is_rasterlayertest_MOC_SRCS})[] 
 []

[105]
Overfull \hbox (15.48982pt too wide) in paragraph at lines 926--926
[]\T1/aett/m/n/10.95 ADD_CUSTOM_TARGET(qgis_rasterlayertestmoc ALL DEPENDS ${qg
is_rasterlayertest_MOC_SRCS})[] 
 []

[106] [107] [108]) [109]
\openout2 = `appendices/gpl.aux'.

 (./appendices/gpl.tex
Underfull \vbox (badness 3068) has occurred while \output is active []

 [110


]
Underfull \vbox (badness 10000) has occurred while \output is active []

 [111]
Underfull \vbox (badness 10000) has occurred while \output is active []

 [112])
Underfull \vbox (badness 10000) has occurred while \output is active []

 [113]
[114]
\openout2 = `appendices/qgis_qt_gpl_exception.aux'.

 (./appendices/qgis_qt_gpl_exception.tex) [115


]
\openout2 = `literature.aux'.

 (./literature.tex
\openout5 = `btaux.aux'.

\openout5 = `coding-compilation_guide1.aux'.


(./coding-compilation_guide1.bbl

Package bibtopic Warning: No appropriate bibitems found for command
(bibtopic)                \btPrintCited on line 9.


Package bibtopic Warning: Empty `thebibliography' environment on input line 21.


)
\openout5 = `btaux.aux'.

\openout5 = `coding-compilation_guide2.aux'.

 (./coding-compilation_guide2.bbl

Package bibtopic Warning: No appropriate bibitems found for command
(bibtopic)                \btPrintCited on line 16.


Package bibtopic Warning: Empty `thebibliography' environment on input line 55.


)) [116


]
\openout2 = `index.aux'.

 (/usr/share/texmf-texlive/tex/generic/midnight/index.tex)
(./coding-compilation_guide.aux (./title.aux) (./preamble.aux) (./toc.aux)
(./forward.aux) (./conventions.aux) (./introduction.aux) (./getting_started.aux
) (./features_at_a_glance.aux) (./working_with_vector.aux)
(./working_with_raster.aux) (./working_with_ogc.aux)
(./working_with_projections.aux) (./grass_integration.aux)
(./print_composer.aux) (./plugins.aux) (./core_plugins.aux)
(./plugins_coordinate_capture.aux) (./plugins_decorations.aux)
(./plugins_delimited_text.aux) (./plugins_dxf2shape_converter.aux)
(./plugins_georeferencer.aux) (./plugins_quick_print.aux) (./plugins_gps.aux)
(./plugins_graticule_creator.aux) (./plugins_interpolation.aux)
(./plugins_mapserver_export.aux) (./plugins_ogr_converter.aux)
(./external_plugins.aux) (./plugins_writing_in_cpp.aux)
(./plugins_writing_in_python.aux) (./creating_cpp_applications.aux)
(./creating_pyqgis_applications.aux) (./help_and_support.aux)
(./appendices/supported_data_formats.aux)
(./appendices/grass_toolbox_modules.aux) (./install.aux) (./coding.aux)
(./appendices/gpl.aux) (./appendices/qgis_qt_gpl_exception.aux)
(./literature.aux) (./index.aux))

LaTeX Font Warning: Some font shapes were not available, defaults substituted.


LaTeX Warning: There were undefined references.

 ) 
Here is how much of TeX's memory you used:
 8064 strings out of 94081
 112896 string characters out of 1165334
 225022 words of memory out of 1500000
 10904 multiletter control sequences out of 10000+50000
 41089 words of font info for 77 fonts, out of 1200000 for 2000
 645 hyphenation exceptions out of 8191
 45i,13n,45p,308b,506s stack positions out of 5000i,500n,6000p,200000b,5000s

Output written on coding-compilation_guide.dvi (123 pages, 522648 bytes).
